<?xml version="1.0" encoding="UTF-8"?>
<!-- Generated by org.testng.reporters.JUnitXMLReporter -->
<testsuite ignored="1" hostname="DESKTOP-DTBN5AF" failures="0" tests="2" name="ActiTest" time="23.434" errors="0" timestamp="2022-02-13T00:37:51 IST">
  <testcase classname="actitimeTest.AllinOneActiTimeTestNG" name="createNewTask" time="10.664"/>
  <testcase classname="actitimeTest.AllinOneActiTimeTestNG" name="enterTimeTrackPage" time="3.77"/>
  <testcase classname="actitimeTest.AllinOneActiTimeTestNG" name="setDeadlineforOpenTask" time="0.0">
    <ignored/>
  </testcase> <!-- setDeadlineforOpenTask -->
</testsuite> <!-- ActiTest -->
