<?xml version="1.0" encoding="UTF-8"?>
<!-- Generated by org.testng.reporters.JUnitXMLReporter -->
<testsuite ignored="1" hostname="DESKTOP-DTBN5AF" failures="0" tests="2" name="ActiTest1" time="0.743" errors="0" timestamp="2022-02-13T00:15:16 IST">
  <testcase classname="actitimeTest.AllinOneActiTimeTestNG" name="@BeforeTest launchBrowser" time="0.542">
    <failure type="java.lang.NullPointerException" message="Cannot invoke &amp;quot;org.openqa.selenium.WebDriver.manage()&amp;quot; because &amp;quot;this.driver&amp;quot; is null">
      <![CDATA[java.lang.NullPointerException: Cannot invoke "org.openqa.selenium.WebDriver.manage()" because "this.driver" is null
at actitimeTest.AllinOneActiTimeTestNG.launchBrowser(AllinOneActiTimeTestNG.java:72)
at java.base/java.util.concurrent.FutureTask.run(FutureTask.java:264)
at java.base/java.util.concurrent.ThreadPoolExecutor.runWorker(ThreadPoolExecutor.java:1130)
at java.base/java.util.concurrent.ThreadPoolExecutor$Worker.run(ThreadPoolExecutor.java:630)
at java.base/java.lang.Thread.run(Thread.java:831)
... Removed 15 stack frames]]>
    </failure>
  </testcase> <!-- @BeforeTest launchBrowser -->
  <testcase classname="actitimeTest.AllinOneActiTimeTestNG" name="@BeforeClass launchBrowser" time="-1.64469151572E9">
    <skipped/>
  </testcase> <!-- @BeforeClass launchBrowser -->
  <testcase classname="actitimeTest.AllinOneActiTimeTestNG" name="@BeforeMethod loginToApplication" time="-1.644691515748E9">
    <skipped/>
  </testcase> <!-- @BeforeMethod loginToApplication -->
  <testcase classname="actitimeTest.AllinOneActiTimeTestNG" name="@AfterMethod logoutFromApplication" time="-1.64469151577E9">
    <skipped/>
  </testcase> <!-- @AfterMethod logoutFromApplication -->
  <testcase classname="actitimeTest.AllinOneActiTimeTestNG" name="@BeforeMethod loginToApplication" time="-1.644691515782E9">
    <skipped/>
  </testcase> <!-- @BeforeMethod loginToApplication -->
  <testcase classname="actitimeTest.AllinOneActiTimeTestNG" name="@AfterMethod logoutFromApplication" time="-1.644691515791E9">
    <skipped/>
  </testcase> <!-- @AfterMethod logoutFromApplication -->
  <testcase classname="actitimeTest.AllinOneActiTimeTestNG" name="@AfterClass closeObjectsOfPOMClassses" time="-1.644691515797E9">
    <skipped/>
  </testcase> <!-- @AfterClass closeObjectsOfPOMClassses -->
  <testcase classname="actitimeTest.AllinOneActiTimeTestNG" name="@AfterTest quitBrowser" time="-1.64469151581E9">
    <skipped/>
  </testcase> <!-- @AfterTest quitBrowser -->
  <testcase classname="actitimeTest.AllinOneActiTimeTestNG" name="enterTimeTrackPage" time="0.0">
    <skipped/>
  </testcase> <!-- enterTimeTrackPage -->
  <testcase classname="actitimeTest.AllinOneActiTimeTestNG" name="setDeadlineforOpenTask" time="0.0">
    <skipped/>
  </testcase> <!-- setDeadlineforOpenTask -->
  <testcase classname="actitimeTest.AllinOneActiTimeTestNG" name="createNewTask" time="0.0">
    <ignored/>
  </testcase> <!-- createNewTask -->
</testsuite> <!-- ActiTest1 -->
