<?xml version="1.0" encoding="UTF-8"?>
<!-- Generated by org.testng.reporters.JUnitXMLReporter -->
<testsuite ignored="1" hostname="DESKTOP-DTBN5AF" failures="0" tests="1" name="OperaTest" time="0.063" errors="0" timestamp="2022-02-11T15:15:02 IST">
  <testcase classname="actitimeTest.CreateNewTaskTestNG" name="@BeforeTest launchBrowser" time="0.002">
    <failure type="java.lang.NullPointerException" message="Cannot invoke &amp;quot;org.openqa.selenium.WebDriver.manage()&amp;quot; because &amp;quot;this.driver&amp;quot; is null">
      <![CDATA[java.lang.NullPointerException: Cannot invoke "org.openqa.selenium.WebDriver.manage()" because "this.driver" is null
at actitimeTest.CreateNewTaskTestNG.launchBrowser(CreateNewTaskTestNG.java:65)
... Removed 24 stack frames]]>
    </failure>
  </testcase> <!-- @BeforeTest launchBrowser -->
  <testcase classname="actitimeTest.CreateNewTaskTestNG" name="@BeforeClass createObjectsOfPOMClass" time="-1.644572702135E9">
    <skipped/>
  </testcase> <!-- @BeforeClass createObjectsOfPOMClass -->
  <testcase classname="actitimeTest.CreateNewTaskTestNG" name="@BeforeMethod loginToApplication" time="-1.64457270214E9">
    <skipped/>
  </testcase> <!-- @BeforeMethod loginToApplication -->
  <testcase classname="actitimeTest.CreateNewTaskTestNG" name="@AfterMethod logoutFromApplication" time="-1.644572702147E9">
    <skipped/>
  </testcase> <!-- @AfterMethod logoutFromApplication -->
  <testcase classname="actitimeTest.CreateNewTaskTestNG" name="@AfterClass clearPOMClassObjects" time="-1.64457270215E9">
    <skipped/>
  </testcase> <!-- @AfterClass clearPOMClassObjects -->
  <testcase classname="actitimeTest.CreateNewTaskTestNG" name="@AfterTest quitBrowser" time="-1.644572702153E9">
    <skipped/>
  </testcase> <!-- @AfterTest quitBrowser -->
  <testcase classname="actitimeTest.CreateNewTaskTestNG" name="log" time="0.0">
    <skipped/>
  </testcase> <!-- log -->
  <testcase classname="actitimeTest.CreateNewTaskTestNG" name="createNewTask" time="0.0">
    <ignored/>
  </testcase> <!-- createNewTask -->
</testsuite> <!-- OperaTest -->
